<?xml version="1.0" encoding="utf-8"?><testsuites name="pytest tests"><testsuite name="pytest" errors="0" failures="0" skipped="0" tests="11" time="1.528" timestamp="2026-03-14T21:22:25.592903+00:00" hostname="agent-env-686cde56-c00d-40c1-9414-b75c6375bca4"><testcase classname="backend.tests.test_loans_and_repayments.TestAuthentication" name="test_login_success" time="0.442" /><testcase classname="backend.tests.test_loans_and_repayments.TestAuthentication" name="test_login_invalid_credentials" time="0.062" /><testcase classname="backend.tests.test_loans_and_repayments.TestLoanLifecycle" name="test_01_create_customer" time="0.347" /><testcase classname="backend.tests.test_loans_and_repayments.TestLoanLifecycle" name="test_02_create_loan_application" time="0.052" /><testcase classname="backend.tests.test_loans_and_repayments.TestLoanLifecycle" name="test_03_approve_loan_application" time="0.210" /><testcase classname="backend.tests.test_loans_and_repayments.TestLoanLifecycle" name="test_04_get_active_loans_for_repayment" time="0.064" /><testcase classname="backend.tests.test_loans_and_repayments.TestLoanLifecycle" name="test_05_record_loan_repayment" time="0.116" /><testcase classname="backend.tests.test_loans_and_repayments.TestLoanLifecycle" name="test_06_verify_application_status_updated" time="0.050" /><testcase classname="backend.tests.test_loans_and_repayments.TestSavingsEndpoints" name="test_get_savings_accounts" time="0.050" /><testcase classname="backend.tests.test_loans_and_repayments.TestSavingsEndpoints" name="test_get_savings_transactions" time="0.051" /><testcase classname="backend.tests.test_loans_and_repayments.TestDashboardMetrics" name="test_get_dashboard_metrics" time="0.051" /></testsuite></testsuites>